2021-12-15 17:39:50.708  INFO 5736 --- [main] com.example.happy.hr.HappyHrApplication  : Starting HappyHrApplication using Java 17.0.1 on Олег-ПК with PID 5736 (D:\My projects\HappyHrMaster\build\classes\java\main started by Олег in D:\My projects\HappyHrMaster)
2021-12-15 17:39:50.908  INFO 5736 --- [main] com.example.happy.hr.HappyHrApplication  : No active profile set, falling back to default profiles: default
2021-12-15 17:40:14.918  INFO 5736 --- [main] .s.d.r.c.RepositoryConfigurationDelegate : Bootstrapping Spring Data JPA repositories in DEFAULT mode.
2021-12-15 17:40:15.964  INFO 5736 --- [main] .s.d.r.c.RepositoryConfigurationDelegate : Finished Spring Data repository scanning in 916 ms. Found 8 JPA repository interfaces.
2021-12-15 17:40:24.726  INFO 5736 --- [main] o.s.b.w.embedded.tomcat.TomcatWebServer  : Tomcat initialized with port(s): 8080 (http)
2021-12-15 17:40:25.606  INFO 5736 --- [main] o.apache.catalina.core.StandardService   : Starting service [Tomcat]
2021-12-15 17:40:25.607  INFO 5736 --- [main] org.apache.catalina.core.StandardEngine  : Starting Servlet engine: [Apache Tomcat/9.0.55]
2021-12-15 17:40:26.979  INFO 5736 --- [main] o.a.c.c.C.[Tomcat].[localhost].[/]       : Initializing Spring embedded WebApplicationContext
2021-12-15 17:40:26.980  INFO 5736 --- [main] w.s.c.ServletWebServerApplicationContext : Root WebApplicationContext: initialization completed in 32951 ms
2021-12-15 17:40:28.572  INFO 5736 --- [main] com.zaxxer.hikari.HikariDataSource       : HikariPool-1 - Starting...
2021-12-15 17:40:29.940  INFO 5736 --- [main] com.zaxxer.hikari.HikariDataSource       : HikariPool-1 - Start completed.
2021-12-15 17:40:30.411  INFO 5736 --- [main] o.f.c.internal.license.VersionPrinter    : Flyway Community Edition 8.0.4 by Redgate
2021-12-15 17:40:30.412  INFO 5736 --- [main] o.f.c.i.database.base.BaseDatabaseType   : Database: jdbc:postgresql://localhost:5432/happy_hr (PostgreSQL 10.19)
2021-12-15 17:40:32.612  INFO 5736 --- [main] o.f.core.internal.command.DbValidate     : Successfully validated 11 migrations (execution time 00:01.380s)
2021-12-15 17:40:32.745  INFO 5736 --- [main] o.f.core.internal.command.DbMigrate      : Current version of schema "public": 11
2021-12-15 17:40:32.748  INFO 5736 --- [main] o.f.core.internal.command.DbMigrate      : Schema "public" is up to date. No migration necessary.
2021-12-15 17:40:33.759  INFO 5736 --- [main] o.hibernate.jpa.internal.util.LogHelper  : HHH000204: Processing PersistenceUnitInfo [name: default]
2021-12-15 17:40:34.960  INFO 5736 --- [main] org.hibernate.Version                    : HHH000412: Hibernate ORM core version 5.6.1.Final
2021-12-15 17:40:36.925  INFO 5736 --- [main] o.hibernate.annotations.common.Version   : HCANN000001: Hibernate Commons Annotations {5.1.2.Final}
2021-12-15 17:40:38.271  INFO 5736 --- [main] org.hibernate.dialect.Dialect            : HHH000400: Using dialect: org.hibernate.dialect.PostgreSQL10Dialect
2021-12-15 17:40:40.338  INFO 5736 --- [main] Hibernate Types                          : This framework is proudly powered by:

>>>>>>>>>>>>>>>>>>>>>>>>>>>>>>>>>>>>>>>>>>>>>>>>>>>>>>>>>>>>>>>>
 _    _                           _     _
| |  | |                         (_)   | |
| |__| |_   _ _ __   ___ _ __ ___ _ ___| |_ ___ _ __   ___ ___
|  __  | | | | '_ \ / _ \ '__/ __| / __| __/ _ \ '_ \ / __/ _ \
| |  | | |_| | |_) |  __/ |  \__ \ \__ \ ||  __/ | | | (_|  __/
|_|  |_|\__, | .__/ \___|_|  |___/_|___/\__\___|_| |_|\___\___|
         __/ | |
        |___/|_|

At Hypersistence, we only build amazing tools, like Hibernate Types, Flexy Pool, or Hypersistence Optimizer.

What if there were a tool that could automatically detect JPA and Hibernate performance issues?

Hypersistence Optimizer is that tool! For more details, go to: 

https://vladmihalcea.com/hypersistence-optimizer/
<<<<<<<<<<<<<<<<<<<<<<<<<<<<<<<<<<<<<<<<<<<<<<<<<<<<<<<<<<<<<<<<

2021-12-15 17:40:49.238  INFO 5736 --- [main] o.h.e.t.j.p.i.JtaPlatformInitiator       : HHH000490: Using JtaPlatform implementation: [org.hibernate.engine.transaction.jta.platform.internal.NoJtaPlatform]
2021-12-15 17:40:49.499  INFO 5736 --- [main] j.LocalContainerEntityManagerFactoryBean : Initialized JPA EntityManagerFactory for persistence unit 'default'
2021-12-15 17:40:55.221  WARN 5736 --- [main] JpaBaseConfiguration$JpaWebConfiguration : spring.jpa.open-in-view is enabled by default. Therefore, database queries may be performed during view rendering. Explicitly configure spring.jpa.open-in-view to disable this warning
2021-12-15 17:41:09.411  INFO 5736 --- [main] o.s.b.w.embedded.tomcat.TomcatWebServer  : Tomcat started on port(s): 8080 (http) with context path ''
2021-12-15 17:41:11.983  INFO 5736 --- [main] com.example.happy.hr.HappyHrApplication  : Started HappyHrApplication in 92.561 seconds (JVM running for 127.934)
2021-12-15 19:01:58.031  INFO 5736 --- [SpringApplicationShutdownHook] j.LocalContainerEntityManagerFactoryBean : Closing JPA EntityManagerFactory for persistence unit 'default'
2021-12-15 19:01:59.461  INFO 5736 --- [SpringApplicationShutdownHook] com.zaxxer.hikari.HikariDataSource       : HikariPool-1 - Shutdown initiated...
2021-12-15 19:01:59.979  INFO 5736 --- [SpringApplicationShutdownHook] com.zaxxer.hikari.HikariDataSource       : HikariPool-1 - Shutdown completed.
